{
"contracts/Erc.sol":{"l":{"15":0,"19":0,"23":0,"27":0,"32":7,"33":7,"36":9,"37":9,"41":9,"42":9,"43":9,"44":9,"48":16,"52":6,"53":6,"54":6,"55":6,"59":9,"60":9,"61":9,"62":9,"66":0,"67":0,"68":0,"72":1,"76":1,"80":1,"81":1,"85":1,"86":1,"87":1,"88":1,"89":1,"90":1,"113":9,"114":9,"118":0,"119":0,"123":1,"129":1,"130":1,"132":1,"134":1,"136":1,"140":6,"141":6,"143":6,"145":6,"146":6,"150":6},"path":"/mnt/d/solidity/ERC20/contracts/Erc.sol","s":{"1":0,"2":0,"3":0,"4":0,"5":7,"6":9,"7":9,"8":16,"9":6,"10":6,"11":9,"12":9,"13":0,"14":1,"15":1,"16":1,"17":1,"18":1,"19":1,"20":0,"21":1,"22":1,"23":1,"24":1,"25":1,"26":1,"27":6},"b":{"1":[7,0],"2":[9,0],"3":[6,0],"4":[9,0],"5":[0,0],"6":[1,0],"7":[1,0],"8":[0,0],"9":[1,0],"10":[1,0],"11":[6,0],"12":[6,0]},"f":{"1":0,"2":0,"3":0,"4":0,"5":7,"6":9,"7":9,"8":16,"9":6,"10":9,"11":0,"12":1,"13":1,"14":1,"15":1,"16":16,"17":9,"18":9,"19":0,"20":1,"21":6},"fnMap":{"1":{"name":"name","line":14,"loc":{"start":{"line":14,"column":4},"end":{"line":16,"column":4}}},"2":{"name":"symbol","line":18,"loc":{"start":{"line":18,"column":4},"end":{"line":20,"column":4}}},"3":{"name":"decimals","line":22,"loc":{"start":{"line":22,"column":4},"end":{"line":24,"column":4}}},"4":{"name":"totalSupply","line":26,"loc":{"start":{"line":26,"column":4},"end":{"line":28,"column":4}}},"5":{"name":"enoughTockens","line":31,"loc":{"start":{"line":31,"column":4},"end":{"line":34,"column":4}}},"6":{"name":"onlyOwner","line":35,"loc":{"start":{"line":35,"column":4},"end":{"line":38,"column":4}}},"7":{"name":"constructor","line":40,"loc":{"start":{"line":40,"column":4},"end":{"line":45,"column":4}}},"8":{"name":"balanceOf","line":47,"loc":{"start":{"line":47,"column":4},"end":{"line":49,"column":4}}},"9":{"name":"transfer","line":51,"loc":{"start":{"line":51,"column":4},"end":{"line":56,"column":4}}},"10":{"name":"mint","line":58,"loc":{"start":{"line":58,"column":4},"end":{"line":63,"column":4}}},"11":{"name":"burn","line":65,"loc":{"start":{"line":65,"column":4},"end":{"line":69,"column":4}}},"12":{"name":"allowance","line":71,"loc":{"start":{"line":71,"column":4},"end":{"line":73,"column":4}}},"13":{"name":"approw","line":75,"loc":{"start":{"line":75,"column":4},"end":{"line":77,"column":4}}},"14":{"name":"_approw","line":79,"loc":{"start":{"line":79,"column":4},"end":{"line":82,"column":4}}},"15":{"name":"transferFrom","line":84,"loc":{"start":{"line":84,"column":4},"end":{"line":91,"column":4}}},"16":{"name":"_beforeTokenTransfer","line":93,"loc":{"start":{"line":93,"column":4},"end":{"line":97,"column":24}}},"17":{"name":"constructor","line":101,"loc":{"start":{"line":101,"column":4},"end":{"line":103,"column":4}}},"18":{"name":"constructor","line":112,"loc":{"start":{"line":112,"column":4},"end":{"line":115,"column":4}}},"19":{"name":"onlyOwner","line":117,"loc":{"start":{"line":117,"column":4},"end":{"line":120,"column":4}}},"20":{"name":"sell","line":122,"loc":{"start":{"line":122,"column":4},"end":{"line":137,"column":4}}},"21":{"name":"tokenBalance","line":149,"loc":{"start":{"line":149,"column":4},"end":{"line":151,"column":4}}}},"statementMap":{"1":{"start":{"line":15,"column":8},"end":{"line":15,"column":20}},"2":{"start":{"line":19,"column":8},"end":{"line":19,"column":22}},"3":{"start":{"line":23,"column":8},"end":{"line":23,"column":17}},"4":{"start":{"line":27,"column":8},"end":{"line":27,"column":26}},"5":{"start":{"line":32,"column":8},"end":{"line":32,"column":65}},"6":{"start":{"line":36,"column":8},"end":{"line":36,"column":52}},"7":{"start":{"line":44,"column":8},"end":{"line":44,"column":32}},"8":{"start":{"line":48,"column":8},"end":{"line":48,"column":32}},"9":{"start":{"line":52,"column":8},"end":{"line":52,"column":51}},"10":{"start":{"line":55,"column":8},"end":{"line":55,"column":45}},"11":{"start":{"line":59,"column":8},"end":{"line":59,"column":53}},"12":{"start":{"line":62,"column":8},"end":{"line":62,"column":47}},"13":{"start":{"line":66,"column":8},"end":{"line":66,"column":54}},"14":{"start":{"line":72,"column":8},"end":{"line":72,"column":42}},"15":{"start":{"line":76,"column":8},"end":{"line":76,"column":43}},"16":{"start":{"line":81,"column":8},"end":{"line":81,"column":44}},"17":{"start":{"line":85,"column":8},"end":{"line":85,"column":54}},"18":{"start":{"line":86,"column":8},"end":{"line":86,"column":75}},"19":{"start":{"line":90,"column":8},"end":{"line":90,"column":48}},"20":{"start":{"line":118,"column":8},"end":{"line":118,"column":52}},"21":{"start":{"line":123,"column":8},"end":{"line":123,"column":3654}},"22":{"start":{"line":129,"column":8},"end":{"line":129,"column":67}},"23":{"start":{"line":130,"column":8},"end":{"line":130,"column":62}},"24":{"start":{"line":132,"column":8},"end":{"line":132,"column":67}},"25":{"start":{"line":134,"column":8},"end":{"line":134,"column":50}},"26":{"start":{"line":136,"column":8},"end":{"line":136,"column":44}},"27":{"start":{"line":150,"column":8},"end":{"line":150,"column":45}}},"branchMap":{"1":{"line":32,"type":"if","locations":[{"start":{"line":32,"column":8},"end":{"line":32,"column":8}},{"start":{"line":32,"column":8},"end":{"line":32,"column":8}}]},"2":{"line":36,"type":"if","locations":[{"start":{"line":36,"column":8},"end":{"line":36,"column":8}},{"start":{"line":36,"column":8},"end":{"line":36,"column":8}}]},"3":{"line":51,"type":"if","locations":[{"start":{"line":51,"column":56},"end":{"line":51,"column":56}},{"start":{"line":51,"column":56},"end":{"line":51,"column":56}}]},"4":{"line":58,"type":"if","locations":[{"start":{"line":58,"column":52},"end":{"line":58,"column":52}},{"start":{"line":58,"column":52},"end":{"line":58,"column":52}}]},"5":{"line":65,"type":"if","locations":[{"start":{"line":65,"column":53},"end":{"line":65,"column":53}},{"start":{"line":65,"column":53},"end":{"line":65,"column":53}}]},"6":{"line":84,"type":"if","locations":[{"start":{"line":84,"column":83},"end":{"line":84,"column":83}},{"start":{"line":84,"column":83},"end":{"line":84,"column":83}}]},"7":{"line":86,"type":"if","locations":[{"start":{"line":86,"column":8},"end":{"line":86,"column":8}},{"start":{"line":86,"column":8},"end":{"line":86,"column":8}}]},"8":{"line":118,"type":"if","locations":[{"start":{"line":118,"column":8},"end":{"line":118,"column":8}},{"start":{"line":118,"column":8},"end":{"line":118,"column":8}}]},"9":{"line":123,"type":"if","locations":[{"start":{"line":123,"column":8},"end":{"line":123,"column":8}},{"start":{"line":123,"column":8},"end":{"line":123,"column":8}}]},"10":{"line":130,"type":"if","locations":[{"start":{"line":130,"column":8},"end":{"line":130,"column":8}},{"start":{"line":130,"column":8},"end":{"line":130,"column":8}}]},"11":{"line":141,"type":"if","locations":[{"start":{"line":141,"column":8},"end":{"line":141,"column":8}},{"start":{"line":141,"column":8},"end":{"line":141,"column":8}}]},"12":{"line":143,"type":"if","locations":[{"start":{"line":143,"column":8},"end":{"line":143,"column":8}},{"start":{"line":143,"column":8},"end":{"line":143,"column":8}}]}}},
"contracts/IERC20.sol":{"l":{},"path":"/mnt/d/solidity/ERC20/contracts/IERC20.sol","s":{},"b":{},"f":{},"fnMap":{},"statementMap":{},"branchMap":{}}}
