TN:
SF:/mnt/d/solidity/ERC20/contracts/Erc.sol
FN:14,name
FN:18,symbol
FN:22,decimals
FN:26,totalSupply
FN:31,enoughTockens
FN:35,onlyOwner
FN:40,constructor
FN:47,balanceOf
FN:51,transfer
FN:58,mint
FN:65,burn
FN:71,allowance
FN:75,approw
FN:79,_approw
FN:84,transferFrom
FN:93,_beforeTokenTransfer
FN:101,constructor
FN:112,constructor
FN:117,onlyOwner
FN:122,sell
FN:149,tokenBalance
FNF:21
FNH:15
FNDA:0,name
FNDA:0,symbol
FNDA:0,decimals
FNDA:0,totalSupply
FNDA:7,enoughTockens
FNDA:9,onlyOwner
FNDA:9,constructor
FNDA:16,balanceOf
FNDA:6,transfer
FNDA:9,mint
FNDA:0,burn
FNDA:1,allowance
FNDA:1,approw
FNDA:1,_approw
FNDA:1,transferFrom
FNDA:16,_beforeTokenTransfer
FNDA:9,constructor
FNDA:9,constructor
FNDA:0,onlyOwner
FNDA:1,sell
FNDA:6,tokenBalance
DA:15,0
DA:19,0
DA:23,0
DA:27,0
DA:32,7
DA:33,7
DA:36,9
DA:37,9
DA:41,9
DA:42,9
DA:43,9
DA:44,9
DA:48,16
DA:52,6
DA:53,6
DA:54,6
DA:55,6
DA:59,9
DA:60,9
DA:61,9
DA:62,9
DA:66,0
DA:67,0
DA:68,0
DA:72,1
DA:76,1
DA:80,1
DA:81,1
DA:85,1
DA:86,1
DA:87,1
DA:88,1
DA:89,1
DA:90,1
DA:113,9
DA:114,9
DA:118,0
DA:119,0
DA:123,1
DA:129,1
DA:130,1
DA:132,1
DA:134,1
DA:136,1
DA:140,6
DA:141,6
DA:143,6
DA:145,6
DA:146,6
DA:150,6
LF:50
LH:41
BRDA:32,1,0,7
BRDA:32,1,1,0
BRDA:36,2,0,9
BRDA:36,2,1,0
BRDA:51,3,0,6
BRDA:51,3,1,0
BRDA:58,4,0,9
BRDA:58,4,1,0
BRDA:65,5,0,0
BRDA:65,5,1,0
BRDA:84,6,0,1
BRDA:84,6,1,0
BRDA:86,7,0,1
BRDA:86,7,1,0
BRDA:118,8,0,0
BRDA:118,8,1,0
BRDA:123,9,0,1
BRDA:123,9,1,0
BRDA:130,10,0,1
BRDA:130,10,1,0
BRDA:141,11,0,6
BRDA:141,11,1,0
BRDA:143,12,0,6
BRDA:143,12,1,0
BRF:24
BRH:10
end_of_record
TN:
SF:/mnt/d/solidity/ERC20/contracts/IERC20.sol
FNF:0
FNH:0
LF:0
LH:0
BRF:0
BRH:0
end_of_record
